<?xml version="1.0" encoding="UTF-8"?>
<!-- Generated by org.testng.reporters.JUnitReportReporter -->
<testsuite hostname="DESKTOP-DAVDJI6" failures="0" tests="4" name="com.qa.gorest.tests.CreateUserTest" time="4.284" errors="0" timestamp="2024-09-01T02:00:36 IST" skipped="0">
  <testcase classname="com.qa.gorest.tests.CreateUserTest" name="createUserTest" time="0.681"/>
  <system-out/>
  <testcase classname="com.qa.gorest.tests.CreateUserTest" name="createUserTest" time="0.690"/>
  <system-out/>
  <testcase classname="com.qa.gorest.tests.CreateUserTest" name="createUserTest" time="2.121"/>
  <system-out/>
  <testcase classname="com.qa.gorest.tests.CreateUserTest" name="createUserTest" time="0.792"/>
  <system-out/>
</testsuite> <!-- com.qa.gorest.tests.CreateUserTest -->
