<?xml version="1.0" encoding="UTF-8"?>
<!-- Generated by org.testng.reporters.JUnitReportReporter -->
<testsuite hostname="DESKTOP-DAVDJI6" failures="0" tests="1" name="com.qa.gorest.tests.CircuitTest" time="0.580" errors="0" timestamp="2024-09-01T02:00:36 IST" skipped="0">
  <testcase classname="com.qa.gorest.tests.CircuitTest" name="getAllCircuitTest" time="0.580"/>
  <system-out/>
</testsuite> <!-- com.qa.gorest.tests.CircuitTest -->
